Relatório Periódico - 2024-12-02T09:33:20.466939900
Clientes Conectados: []
-----------------------------
Relatório Periódico - 2024-12-02T09:34:20.466337800
Clientes Conectados: [gil]
-----------------------------
Relatório Periódico - 2024-12-02T09:35:20.458156400
Clientes Conectados: [caetano, gil]
-----------------------------
Relatório Periódico - 2024-12-02T09:36:20.468587800
Clientes Conectados: [caetano, gil]
-----------------------------
Relatório Periódico - 2024-12-02T09:37:20.456785600
Clientes Conectados: [caetano, gil]
-----------------------------
Relatório Periódico - 2024-12-02T09:38:20.467003800
Clientes Conectados: [caetano, gil]
-----------------------------
Relatório Periódico - 2024-12-02T09:39:20.461704500
Clientes Conectados: [caetano, gil]
-----------------------------
Relatório Periódico - 2024-12-02T09:40:20.461299800
Clientes Conectados: [caetano, gil]
-----------------------------
Relatório Periódico - 2024-12-02T09:41:20.458483500
Clientes Conectados: [caetano, gil]
-----------------------------
Relatório Periódico - 2024-12-02T09:42:20.461594300
Clientes Conectados: [caetano, gil]
-----------------------------
Relatório Periódico - 2024-12-02T09:43:20.454691600
Clientes Conectados: [caetano, gil]
-----------------------------
Relatório Periódico - 2024-12-02T09:44:20.468727300
Clientes Conectados: [caetano, gil]
-----------------------------
Relatório Periódico - 2024-12-02T09:54:09.581860600
Clientes Conectados: []
-----------------------------
Relatório Periódico - 2024-12-02T09:55:09.581868800
Clientes Conectados: [gil]
-----------------------------
Relatório Periódico - 2024-12-02T09:56:09.580771100
Clientes Conectados: [ivo]
-----------------------------
Relatório Periódico - 2024-12-02T09:57:08.531075300
Clientes Conectados: []
-----------------------------
Relatório Periódico - 2024-12-02T09:58:08.522881300
Clientes Conectados: [ivo]
-----------------------------
Relatório Periódico - 2024-12-02T09:59:08.522497100
Clientes Conectados: [ivo]
-----------------------------
Relatório Periódico - 2024-12-02T10:00:08.530157100
Clientes Conectados: [ivo]
-----------------------------
Relatório Periódico - 2024-12-02T10:01:15.717991200
Clientes Conectados: []
-----------------------------
Relatório Periódico - 2024-12-02T10:02:15.719761
Clientes Conectados: [ivo, gil]
-----------------------------
Relatório Periódico - 2024-12-02T10:03:15.709118200
Clientes Conectados: [ivo, gil]
-----------------------------
Relatório Periódico - 2024-12-02T10:04:15.707969200
Clientes Conectados: [ivo, gil]
-----------------------------
Relatório Periódico - 2024-12-02T10:05:15.719925
Clientes Conectados: [ivo, gil]
-----------------------------
Relatório Periódico - 2024-12-02T10:06:15.715170100
Clientes Conectados: [ivo, gil]
-----------------------------
Relatório Periódico - 2024-12-02T10:07:15.710302400
Clientes Conectados: [ivo, gil]
-----------------------------
Relatório Periódico - 2024-12-02T10:08:15.715887100
Clientes Conectados: [ivo, gil]
-----------------------------
Relatório Periódico - 2024-12-02T10:08:29.263797700
Clientes Conectados: []
-----------------------------
Relatório Periódico - 2024-12-02T10:09:29.257325200
Clientes Conectados: [ivo, gil]
-----------------------------
Relatório Periódico - 2024-12-02T10:10:29.253638800
Clientes Conectados: [ivo, gil]
-----------------------------
Relatório Periódico - 2024-12-02T10:11:29.265010300
Clientes Conectados: [ivo, gil]
-----------------------------
Relatório Periódico - 2024-12-02T10:12:29.267501200
Clientes Conectados: [ivo, gil]
-----------------------------
Relatório Periódico - 2024-12-02T10:13:29.255765600
Clientes Conectados: [ivo, gil]
-----------------------------
Relatório Periódico - 2024-12-02T10:14:29.262883900
Clientes Conectados: [ivo, gil]
-----------------------------
